[0m11:36:06.861354 [debug] [MainThread]: Sending event: {'category': 'dbt', 'action': 'invocation', 'label': 'start', 'context': [<snowplow_tracker.self_describing_json.SelfDescribingJson object at 0x000002BA0E468190>, <snowplow_tracker.self_describing_json.SelfDescribingJson object at 0x000002BA0C83AF90>, <snowplow_tracker.self_describing_json.SelfDescribingJson object at 0x000002BA0E4A3C50>]}


============================== 11:36:06.869228 | 8de84bbc-0e5f-4bfe-9d43-7132d64a637b ==============================
[0m11:36:06.869228 [info ] [MainThread]: Running with dbt=1.7.6
[0m11:36:06.871246 [debug] [MainThread]: running dbt with arguments {'printer_width': '80', 'indirect_selection': 'eager', 'log_cache_events': 'False', 'write_json': 'True', 'partial_parse': 'True', 'cache_selected_only': 'False', 'profiles_dir': 'C:\\Users\\robwork\\.dbt', 'version_check': 'True', 'fail_fast': 'False', 'log_path': 'logs', 'warn_error': 'None', 'debug': 'False', 'use_colors': 'True', 'use_experimental_parser': 'False', 'no_print': 'None', 'quiet': 'False', 'warn_error_options': 'WarnErrorOptions(include=[], exclude=[])', 'static_parser': 'True', 'introspect': 'True', 'log_format': 'default', 'target_path': 'None', 'invocation_command': 'dbt init', 'send_anonymous_usage_stats': 'True'}
[0m11:36:10.229780 [debug] [MainThread]: Starter project path: C:\Users\robwork\AppData\Local\Packages\PythonSoftwareFoundation.Python.3.11_qbz5n2kfra8p0\LocalCache\local-packages\Python311\site-packages\dbt\include\starter_project
[0m11:36:10.295399 [info ] [MainThread]: 
Your new dbt project "atomic" was created!

For more information on how to configure the profiles.yml file,
please consult the dbt documentation here:

  https://docs.getdbt.com/docs/configure-your-profile

One more thing:

Need help? Don't hesitate to reach out to us via GitHub issues or on Slack:

  https://community.getdbt.com/

Happy modeling!

[0m11:36:10.297399 [info ] [MainThread]: Setting up your profile.
[0m11:36:14.313532 [info ] [MainThread]: No sample profile found for firebolt.
[0m11:36:14.315664 [debug] [MainThread]: Command `dbt init` succeeded at 11:36:14.314574 after 7.50 seconds
[0m11:36:14.315664 [debug] [MainThread]: Sending event: {'category': 'dbt', 'action': 'invocation', 'label': 'end', 'context': [<snowplow_tracker.self_describing_json.SelfDescribingJson object at 0x000002BA0E4C7A90>, <snowplow_tracker.self_describing_json.SelfDescribingJson object at 0x000002BA0E4C7B90>, <snowplow_tracker.self_describing_json.SelfDescribingJson object at 0x000002BA08065790>]}
[0m11:36:14.316562 [debug] [MainThread]: Flushing usage events
[0m14:27:58.096154 [debug] [MainThread]: Sending event: {'category': 'dbt', 'action': 'invocation', 'label': 'start', 'context': [<snowplow_tracker.self_describing_json.SelfDescribingJson object at 0x111169880>, <snowplow_tracker.self_describing_json.SelfDescribingJson object at 0x11378c670>, <snowplow_tracker.self_describing_json.SelfDescribingJson object at 0x113770520>]}


============================== 14:27:58.098741 | 7cbfe83a-d6fb-4b34-9716-687e7a3f9a08 ==============================
[0m14:27:58.098741 [info ] [MainThread]: Running with dbt=1.7.17
[0m14:27:58.099087 [debug] [MainThread]: running dbt with arguments {'printer_width': '80', 'indirect_selection': 'eager', 'write_json': 'True', 'log_cache_events': 'False', 'partial_parse': 'True', 'cache_selected_only': 'False', 'warn_error': 'None', 'fail_fast': 'False', 'version_check': 'True', 'log_path': 'logs', 'debug': 'False', 'profiles_dir': '/Users/jay/.dbt', 'use_colors': 'True', 'use_experimental_parser': 'False', 'no_print': 'None', 'quiet': 'False', 'warn_error_options': 'WarnErrorOptions(include=[], exclude=[])', 'introspect': 'True', 'log_format': 'default', 'static_parser': 'True', 'target_path': 'None', 'invocation_command': 'dbt debug', 'send_anonymous_usage_stats': 'True'}
[0m14:27:58.099584 [info ] [MainThread]: dbt version: 1.7.17
[0m14:27:58.099808 [info ] [MainThread]: python version: 3.9.18
[0m14:27:58.099985 [info ] [MainThread]: python path: /opt/homebrew/opt/python@3.9/bin/python3.9
[0m14:27:58.100351 [info ] [MainThread]: os info: macOS-14.1.2-arm64-arm-64bit
[0m14:27:58.270179 [info ] [MainThread]: Error importing adapter: No module named 'dbt.adapters.snowflake'
[0m14:27:58.273302 [info ] [MainThread]: Using profiles dir at /Users/jay/.dbt
[0m14:27:58.273511 [info ] [MainThread]: Using profiles.yml file at /Users/jay/.dbt/profiles.yml
[0m14:27:58.273696 [info ] [MainThread]: Using dbt_project.yml file at /Users/jay/dbt/atomic/dbt_project.yml
[0m14:27:58.273870 [info ] [MainThread]: Configuration:
[0m14:27:58.274032 [info ] [MainThread]:   profiles.yml file [[31mERROR invalid[0m]
[0m14:27:58.274194 [info ] [MainThread]:   dbt_project.yml file [[31mERROR not found[0m]
[0m14:27:58.274355 [info ] [MainThread]: Required dependencies:
[0m14:27:58.274543 [debug] [MainThread]: Executing "git --help"
[0m14:27:58.295157 [debug] [MainThread]: STDOUT: "b"usage: git [-v | --version] [-h | --help] [-C <path>] [-c <name>=<value>]\n           [--exec-path[=<path>]] [--html-path] [--man-path] [--info-path]\n           [-p | --paginate | -P | --no-pager] [--no-replace-objects] [--bare]\n           [--git-dir=<path>] [--work-tree=<path>] [--namespace=<name>]\n           [--super-prefix=<path>] [--config-env=<name>=<envvar>]\n           <command> [<args>]\n\nThese are common Git commands used in various situations:\n\nstart a working area (see also: git help tutorial)\n   clone     Clone a repository into a new directory\n   init      Create an empty Git repository or reinitialize an existing one\n\nwork on the current change (see also: git help everyday)\n   add       Add file contents to the index\n   mv        Move or rename a file, a directory, or a symlink\n   restore   Restore working tree files\n   rm        Remove files from the working tree and from the index\n\nexamine the history and state (see also: git help revisions)\n   bisect    Use binary search to find the commit that introduced a bug\n   diff      Show changes between commits, commit and working tree, etc\n   grep      Print lines matching a pattern\n   log       Show commit logs\n   show      Show various types of objects\n   status    Show the working tree status\n\ngrow, mark and tweak your common history\n   branch    List, create, or delete branches\n   commit    Record changes to the repository\n   merge     Join two or more development histories together\n   rebase    Reapply commits on top of another base tip\n   reset     Reset current HEAD to the specified state\n   switch    Switch branches\n   tag       Create, list, delete or verify a tag object signed with GPG\n\ncollaborate (see also: git help workflows)\n   fetch     Download objects and refs from another repository\n   pull      Fetch from and integrate with another repository or a local branch\n   push      Update remote refs along with associated objects\n\n'git help -a' and 'git help -g' list available subcommands and some\nconcept guides. See 'git help <command>' or 'git help <concept>'\nto read about a specific subcommand or concept.\nSee 'git help git' for an overview of the system.\n""
[0m14:27:58.295932 [debug] [MainThread]: STDERR: "b''"
[0m14:27:58.296206 [info ] [MainThread]:  - git [[32mOK found[0m]

[0m14:27:58.296429 [info ] [MainThread]: Connection test skipped since no profile was found
[0m14:27:58.296652 [info ] [MainThread]: [31m2 checks failed:[0m
[0m14:27:58.296835 [info ] [MainThread]: Could not load dbt_project.yml
Profile loading failed for the following reason:
Runtime Error
  Credentials in profile "dbtlearn", target "dev" invalid: Runtime Error
    Could not find adapter type snowflake!


[0m14:27:58.297018 [info ] [MainThread]: Project loading failed for the following reason:
 project path </Users/jay/dbt/atomic/dbt_project.yml> not found

[0m14:27:58.298525 [debug] [MainThread]: Resource report: {"command_name": "debug", "command_wall_clock_time": 0.24779609, "process_user_time": 1.323757, "process_kernel_time": 0.149078, "process_mem_max_rss": "129187840", "command_success": false, "process_in_blocks": "0", "process_out_blocks": "0"}
[0m14:27:58.298968 [debug] [MainThread]: Command `dbt debug` failed at 14:27:58.298886 after 0.25 seconds
[0m14:27:58.299284 [debug] [MainThread]: Sending event: {'category': 'dbt', 'action': 'invocation', 'label': 'end', 'context': [<snowplow_tracker.self_describing_json.SelfDescribingJson object at 0x111169880>, <snowplow_tracker.self_describing_json.SelfDescribingJson object at 0x1137fd0a0>, <snowplow_tracker.self_describing_json.SelfDescribingJson object at 0x11421ca60>]}
[0m14:27:58.299551 [debug] [MainThread]: Flushing usage events
